Removed Pin From Net: NetName=GND Pin=U1-2
Removed Pin From Net: NetName=3V3 Pin=U1-6
Removed Pin From Net: NetName=3V3 Pin=U2-1
Removed Pin From Net: NetName=NetJP1_31 Pin=U2-3
Removed Pin From Net: NetName=NetJP1_32 Pin=U2-4
Removed Pin From Net: NetName=GND Pin=U2-5
Removed Pin From Net: NetName=GND Pin=U2-6
Removed Pin From Net: NetName=GND Pin=U2-8
Removed Pin From Net: NetName=NetR6_D_2 Pin=U2-9
Removed Pin From Net: NetName=NetR6_C_2 Pin=U2-10
Removed Pin From Net: NetName=NetR6_B_2 Pin=U2-11
Removed Pin From Net: NetName=NetR6_A_2 Pin=U2-12
Removed Pin From Net: NetName=3V3 Pin=U2-15
Removed Pin From Net: NetName=3V3 Pin=U2-16
Removed Pin From Net: NetName=GND Pin=U2-17
Removed Member From Class: ClassName=U_ADC Member=U2
Change Component Footprint: Designator=U1 Old Footprint=DBV0006A_N New Footprint=RJ-8_M
Change Component Comment : Designator=C2 Old Comment=1uF 6.3V 0402 New Comment=0.1uF 6.3V 0402
Change Component Comment : Designator=C1 Old Comment=1uF 6.3V 0402 New Comment=10uF 6.3V 0402
Change Component Comment : Designator=U1 Old Comment=TLV2780IDBVR New Comment=AD7991YRJZ-1500RL7
Change Component Designator: OldDesignator=U8 NewDesignator=U2
Change component parameters: Designator = "C2"; Footprint = "C0402[1005X55]"; UniqueID = "\QVYDEIOS\THMQDFBX"
Change component parameters. Clean all parameters for all variants
Change component parameters (AddParameter): Name = "Manufacturer"; Value = "Murata"; VariantName = "[No Variations]"
Change component parameters (AddParameter): Name = "Mounting Technology"; Value = "Surface Mount"; VariantName = "[No Variations]"
Change component parameters (AddParameter): Name = "PackageDescription"; Value = "0402 (1005 Metric)"; VariantName = "[No Variations]"
Change component parameters (AddParameter): Name = "PackageReference"; Value = "0402"; VariantName = "[No Variations]"
Change component parameters (AddParameter): Name = "PartNumber"; Value = "GRM155R70J104KA01D"; VariantName = "[No Variations]"
Change component parameters (AddParameter): Name = "Tolerance"; Value = "10%"; VariantName = "[No Variations]"
Change component parameters (AddParameter): Name = "Value"; Value = "0.1uF"; VariantName = "[No Variations]"
Change component parameters (AddParameter): Name = "Voltage"; Value = "6.3V"; VariantName = "[No Variations]"
Change component parameters: Designator = "C1"; Footprint = "C0402[1005X55]"; UniqueID = "\QVYDEIOS\JQMVPLNT"
Change component parameters. Clean all parameters for all variants
Change component parameters (AddParameter): Name = "Manufacturer"; Value = "Murata"; VariantName = "[No Variations]"
Change component parameters (AddParameter): Name = "Mounting Technology"; Value = "Surface Mount"; VariantName = "[No Variations]"
Change component parameters (AddParameter): Name = "PackageDescription"; Value = "0402 (1005 Metric)"; VariantName = "[No Variations]"
Change component parameters (AddParameter): Name = "PackageReference"; Value = "0402"; VariantName = "[No Variations]"
Change component parameters (AddParameter): Name = "PartNumber"; Value = "GRM155R60J106ME44D"; VariantName = "[No Variations]"
Change component parameters (AddParameter): Name = "Tolerance"; Value = "20%"; VariantName = "[No Variations]"
Change component parameters (AddParameter): Name = "Value"; Value = "10uF"; VariantName = "[No Variations]"
Change component parameters (AddParameter): Name = "Voltage"; Value = "6.3V"; VariantName = "[No Variations]"
Change component parameters: Designator = "U1"; Footprint = "RJ-8_M"; UniqueID = "\QVYDEIOS\GLJTRGUQ"
Change component parameters. Clean all parameters for all variants
Change component parameters (AddParameter): Name = "Channels"; Value = "4"; VariantName = "[No Variations]"
Change component parameters (AddParameter): Name = "Code_JEDEC"; Value = "MO-178-BA"; VariantName = "[No Variations]"
Change component parameters (AddParameter): Name = "ComponentLink1Description"; Value = "Manufacturer URL"; VariantName = "[No Variations]"
Change component parameters (AddParameter): Name = "ComponentLink1URL"; Value = "http://www.analog.com/en/index.html"; VariantName = "[No Variations]"
Change component parameters (AddParameter): Name = "ComponentLink2Description"; Value = "Datasheet"; VariantName = "[No Variations]"
Change component parameters (AddParameter): Name = "ComponentLink2URL"; Value = "http://www.analog.com/static/imported-files/data_sheets/AD7991_7995_7999.pdf"; VariantName = "[No Variations]"
Change component parameters (AddParameter): Name = "ComponentLink3Description"; Value = "Package Specification"; VariantName = "[No Variations]"
Change component parameters (AddParameter): Name = "ComponentLink3URL"; Value = "http://www.analog.com/static/imported-files/packages/PKG_PDF/SOT-23(RJ)/RJ_8.pdf"; VariantName = "[No Variations]"
Change component parameters (AddParameter): Name = "ComponentLink4Description"; Value = "Product URL"; VariantName = "[No Variations]"
Change component parameters (AddParameter): Name = "ComponentLink4URL"; Value = "http://www.analog.com/en/analog-to-digital-converters/ad-converters/ad7991/products/product.html"; VariantName = "[No Variations]"
Change component parameters (AddParameter): Name = "DatasheetVersion"; Value = "Rev.B"; VariantName = "[No Variations]"
Change component parameters (AddParameter): Name = "Generic Part Number"; Value = "AD7991"; VariantName = "[No Variations]"
Change component parameters (AddParameter): Name = "Interface"; Value = "I2C/Ser 2-Wire"; VariantName = "[No Variations]"
Change component parameters (AddParameter): Name = "Manufacturer"; Value = "Analog Devices"; VariantName = "[No Variations]"
Change component parameters (AddParameter): Name = "Mounting Technology"; Value = "Surface Mount"; VariantName = "[No Variations]"
Change component parameters (AddParameter): Name = "PackageDescription"; Value = "8-Lead Thin Small Outline Transistor Package [SOT-23]"; VariantName = "[No Variations]"
Change component parameters (AddParameter): Name = "PackageReference"; Value = "RJ-8"; VariantName = "[No Variations]"
Change component parameters (AddParameter): Name = "PackageVersion"; Value = "121608-A"; VariantName = "[No Variations]"
Change component parameters (AddParameter): Name = "Packing"; Value = "Reel"; VariantName = "[No Variations]"
Change component parameters (AddParameter): Name = "PartNumber"; Value = "AD7991YRJZ-1500RL7"; VariantName = "[No Variations]"
Change component parameters (AddParameter): Name = "Resolution (Bits)"; Value = "12"; VariantName = "[No Variations]"
Change component parameters (AddParameter): Name = "RoHS"; Value = "Y"; VariantName = "[No Variations]"
Change component parameters (AddParameter): Name = "Throughput Rate (SPS)"; Value = "140K"; VariantName = "[No Variations]"
Added Pin To Net: NetName=NetJP1_31 Pin=U1-1
Added Pin To Net: NetName=NetJP1_32 Pin=U1-2
Added Pin To Net: NetName=NetR6_A_2 Pin=U1-3
Added Pin To Net: NetName=NetR6_B_2 Pin=U1-4
Added Pin To Net: NetName=NetR6_C_2 Pin=U1-5
Added Pin To Net: NetName=NetR6_D_2 Pin=U1-6
Added Pin To Net: NetName=GND Pin=U1-7
Added Pin To Net: NetName=3V3 Pin=U1-8
Change Net Name : Old Net Name=NetU5_A_5 New Net Name=NetU2_6
Change Net Name : Old Net Name=NetU5_A_6 New Net Name=NetU2_5
Change Net Name : Old Net Name=NetU5_A_7 New Net Name=NetU2_4
Change Net Name : Old Net Name=NetU5_A_8 New Net Name=NetU2_3
Change Net Name : Old Net Name=NetU5_B_5 New Net Name=NetU2_10
Change Net Name : Old Net Name=NetU5_B_6 New Net Name=NetU2_9
Change Net Name : Old Net Name=NetU5_B_7 New Net Name=NetU2_8
Change Net Name : Old Net Name=NetU5_B_8 New Net Name=NetU2_7
Change Net Name : Old Net Name=NetU5_C_5 New Net Name=NetU2_15
Change Net Name : Old Net Name=NetU5_C_6 New Net Name=NetU2_14
Change Net Name : Old Net Name=NetU5_C_7 New Net Name=NetU2_13
Change Net Name : Old Net Name=NetU5_C_8 New Net Name=NetU2_12
Change Net Name : Old Net Name=NetU5_D_5 New Net Name=NetU2_19
Change Net Name : Old Net Name=NetU5_D_6 New Net Name=NetU2_18
Change Net Name : Old Net Name=NetU5_D_7 New Net Name=NetU2_17
Change Net Name : Old Net Name=NetU5_D_8 New Net Name=NetU2_16
