Change Component Footprint: Designator=R1 Old Footprint=R0402[1005] New Footprint=R0402[1005]
Change Component Footprint: Designator=R2 Old Footprint=R0402[1005] New Footprint=R0402[1005]
Change Component Footprint: Designator=R3 Old Footprint=R0402[1005] New Footprint=R0402[1005]
Change Component Footprint: Designator=R4 Old Footprint=R0402[1005] New Footprint=R0402[1005]
Change Component Footprint: Designator=R5 Old Footprint=R0402[1005] New Footprint=R0402[1005]
Change Component Footprint: Designator=R6_A Old Footprint=R0402[1005] New Footprint=R0402[1005]
Change Component Footprint: Designator=R6_B Old Footprint=R0402[1005] New Footprint=R0402[1005]
Change Component Footprint: Designator=R6_C Old Footprint=R0402[1005] New Footprint=R0402[1005]
Change Component Footprint: Designator=R6_D Old Footprint=R0402[1005] New Footprint=R0402[1005]
Change Component Footprint: Designator=R7 Old Footprint=R0402[1005] New Footprint=R0402[1005]
Change Component Footprint: Designator=R8 Old Footprint=R0402[1005] New Footprint=R0402[1005]
Change Component Footprint: Designator=R9 Old Footprint=R0402[1005] New Footprint=R0402[1005]
Change Component Footprint: Designator=R10 Old Footprint=R0402[1005] New Footprint=R0402[1005]
Change Component Footprint: Designator=R12 Old Footprint=R0402[1005] New Footprint=R0402[1005]
Change Component Footprint: Designator=R11 Old Footprint=R2512[6432] New Footprint=R2512[6432]
Added Component: Designator=U2(QFN-16)
Add component. Clean all parameters for all variants
Add component (AddParameter): Name = "Manufacturer"; Value = "Texas Instruments"; VariantName = "[No Variations]"
Add component (AddParameter): Name = "Mounting Technology"; Value = "Surface Mount"; VariantName = "[No Variations]"
Add component (AddParameter): Name = "PackageReference"; Value = "QFN-16"; VariantName = "[No Variations]"
Add component (AddParameter): Name = "PartNumber"; Value = "ADS7924IRTER"; VariantName = "[No Variations]"
Added Pin To Net: NetName=3V3 Pin=U2-1
Added Pin To Net: NetName=NetJP1_31 Pin=U2-3
Added Pin To Net: NetName=NetJP1_32 Pin=U2-4
Added Pin To Net: NetName=GND Pin=U2-5
Added Pin To Net: NetName=GND Pin=U2-6
Added Pin To Net: NetName=NetU1_5 Pin=U2-7
Added Pin To Net: NetName=GND Pin=U2-8
Added Pin To Net: NetName=NetR6_D_2 Pin=U2-9
Added Pin To Net: NetName=NetR6_C_2 Pin=U2-10
Added Pin To Net: NetName=NetR6_B_2 Pin=U2-11
Added Pin To Net: NetName=NetR6_A_2 Pin=U2-12
Added Pin To Net: NetName=NetU1_3 Pin=U2-13
Added Pin To Net: NetName=NetU1_1 Pin=U2-14
Added Pin To Net: NetName=3V3 Pin=U2-15
Added Pin To Net: NetName=3V3 Pin=U2-16
Added Pin To Net: NetName=GND Pin=U2-17
Added Member To Class: ClassName=U_ADC Member=Component U2 ADS7924IRTER
